<?xml version="1.0" encoding="UTF-8"?>
<!-- Generated by org.testng.reporters.JUnitReportReporter -->
<testsuite hostname="Buis-MacBook-Pro.local" failures="0" tests="2" name="TestMavenProject.AppiumTest" time="0.005" errors="0" timestamp="11 Sep 2019 00:28:37 GMT" skipped="0">
  <testcase classname="TestMavenProject.AppiumTest" name="Android" time="0.005"/>
  <testcase classname="TestMavenProject.AppiumTest" name="IOS" time="0.000"/>
</testsuite> <!-- TestMavenProject.AppiumTest -->
