<?xml version="1.0" encoding="UTF-8"?>
<!-- Generated by org.testng.reporters.JUnitReportReporter -->
<testsuite hostname="Buis-MacBook-Pro.local" failures="0" tests="1" name="TestMavenProject.APITest" time="0.000" errors="0" timestamp="11 Sep 2019 00:28:37 GMT" skipped="0">
  <testcase classname="TestMavenProject.APITest" name="TestAPI" time="0.000"/>
</testsuite> <!-- TestMavenProject.APITest -->
