<?xml version="1.0" encoding="UTF-8"?>
<!-- Generated by org.testng.reporters.JUnitReportReporter -->
<testsuite hostname="Buis-MacBook-Pro.local" failures="0" tests="2" name="TestMavenProject.SeleniumTest" time="0.003" errors="0" timestamp="11 Sep 2019 00:28:37 GMT" skipped="0">
  <testcase classname="TestMavenProject.SeleniumTest" name="FlightBooking" time="0.002"/>
  <testcase classname="TestMavenProject.SeleniumTest" name="WebBrowser" time="0.001"/>
</testsuite> <!-- TestMavenProject.SeleniumTest -->
